============================= test session starts ==============================
platform linux -- Python 3.14.0, pytest-9.0.2, pluggy-1.6.0
django: settings: real_estate.settings.development (from ini)
rootdir: /app
configfile: pytest.ini
plugins: django-4.4.0, factoryboy-2.1.0, Faker-8.9.1, cov-2.12.1
collected 15 items

tests/proflies/test_models.py .                                          [  6%]
tests/users/test_models.py ..F...........                                [100%]

=================================== FAILURES ===================================
_____________________________ test_user_full_name ______________________________
tests/users/test_models.py:18: in test_user_full_name
    assert base_user.get_full_name() == full_name
           ^^^^^^^^^^^^^^^^^^^^^^^^^
E   TypeError: 'str' object is not callable
=========================== short test summary info ============================
FAILED tests/users/test_models.py::test_user_full_name - TypeError: 'str' obj...
======================== 1 failed, 14 passed in 12.10s =========================
